{
    "stats": {
        "suites": 4,
        "tests": 4,
        "passes": 4,
        "pending": 0,
        "failures": 0,
        "start": "Wed Jul 15 2026 15:27:28 GMT+0300 (Eastern European Summer Time)",
        "end": "Wed Jul 15 2026 15:27:34 GMT+0300 (Eastern European Summer Time)",
        "duration": 10880,
        "testsRegistered": 4,
        "passPercent": 100,
        "pendingPercent": 0,
        "other": 0,
        "hasOther": false,
        "skipped": 0,
        "hasSkipped": false
    },
    "results": [
        {
            "uuid": "",
            "title": "",
            "fullFile": "",
            "file": "",
            "beforeHooks": [],
            "afterHooks": [],
            "tests": [],
            "suites": [
                {
                    "uuid": "26a4721c-5689-43ad-92b3-500792c0cbb2",
                    "title": "add-product-to-cart.spec.ts",
                    "fullFile": "/Users/mariasvietlakova/Desktop/QA-AUTOMATION-TYPESCRIPT-3/lesson22/tests/add-product-to-cart.spec.ts",
                    "file": "add-product-to-cart.spec.ts",
                    "beforeHooks": [],
                    "afterHooks": [],
                    "tests": [
                        {
                            "parentTitle": "add-product-to-cart.spec.ts",
                            "title": "Add specific products to cart",
                            "fullTitle": "add-product-to-cart.spec.ts Add specific products to cart",
                            "timedOut": false,
                            "duration": 4076,
                            "state": "passed",
                            "speed": "slow",
                            "pass": true,
                            "fail": false,
                            "pending": false,
                            "context": "",
                            "code": "//Step: Launch browser | Category: pw:api | Duration: 1129\n//Step: Fixture \"browser\" | Category: fixture | Duration: 1131\n//Step: Create context | Category: pw:api | Duration: 24\n//Step: Fixture \"context\" | Category: fixture | Duration: 26\n//Step: Create page | Category: pw:api | Duration: 541\n//Step: Fixture \"page\" | Category: fixture | Duration: 542\n//Step: Fixture \"basketPage\" | Category: fixture | Duration: 0\n//Step: Before Hooks | Category: hook | Duration: 1710\n//Step: Navigate to \"/\" | Category: pw:api | Duration: 365\n//Step: Fill \"standard_user\" locator('[data-test=\\'username\\']') | Category: pw:api | Duration: 73\n//Step: Fill \"secret_sauce\" locator('[data-test=\\'password\\']') | Category: pw:api | Duration: 74\n//Step: Click locator('[data-test=\\'login-button\\']') | Category: pw:api | Duration: 179\n//Step: Wait for load state \"load\" | Category: pw:api | Duration: 2\n//Step: Scroll into view locator('[data-test=\"item-5-title-link\"]') | Category: pw:api | Duration: 89\n//Step: Wait for timeout | Category: pw:api | Duration: 301\n//Step: Wait for selector locator('[data-test=\"item-5-title-link\"]').locator('xpath=ancestor::*[@data-test=\"inventory-item\"]').locator('[data-test*=\"add-to-cart\"]') | Category: pw:api | Duration: 2\n//Step: Click locator('[data-test=\"item-5-title-link\"]').locator('xpath=ancestor::*[@data-test=\"inventory-item\"]').locator('[data-test*=\"add-to-cart\"]') | Category: pw:api | Duration: 31\n//Step: Wait for timeout | Category: pw:api | Duration: 501\n//Step: Scroll into view locator('[data-test=\"item-4-title-link\"]') | Category: pw:api | Duration: 35\n//Step: Wait for timeout | Category: pw:api | Duration: 301\n//Step: Wait for selector locator('[data-test=\"item-4-title-link\"]').locator('xpath=ancestor::*[@data-test=\"inventory-item\"]').locator('[data-test*=\"add-to-cart\"]') | Category: pw:api | Duration: 2\n//Step: Click locator('[data-test=\"item-4-title-link\"]').locator('xpath=ancestor::*[@data-test=\"inventory-item\"]').locator('[data-test*=\"add-to-cart\"]') | Category: pw:api | Duration: 31\n//Step: Wait for timeout | Category: pw:api | Duration: 501\n//Step: Scroll into view locator('[data-test=\"item-0-title-link\"]') | Category: pw:api | Duration: 37\n//Step: Wait for timeout | Category: pw:api | Duration: 303\n//Step: Wait for selector locator('[data-test=\"item-0-title-link\"]').locator('xpath=ancestor::*[@data-test=\"inventory-item\"]').locator('[data-test*=\"add-to-cart\"]') | Category: pw:api | Duration: 5\n//Step: Click locator('[data-test=\"item-0-title-link\"]').locator('xpath=ancestor::*[@data-test=\"inventory-item\"]').locator('[data-test*=\"add-to-cart\"]') | Category: pw:api | Duration: 42\n//Step: Wait for timeout | Category: pw:api | Duration: 502\n//Step: Expect \"toBeVisible\" locator('[data-test=\"shopping-cart-badge\"]') | Category: expect | Duration: 4\n//Step: Fixture \"basketPage\" | Category: fixture | Duration: 0\n//Step: Fixture \"page\" | Category: fixture | Duration: 0\n//Step: Close context | Category: pw:api | Duration: 18\n//Step: Fixture \"context\" | Category: fixture | Duration: 21\n//Step: After Hooks | Category: hook | Duration: 26",
                            "err": {},
                            "uuid": "90e1488d-e2a0-4964-824e-000e019515ee",
                            "isHook": false,
                            "skipped": false
                        }
                    ],
                    "suites": [],
                    "passes": [
                        "90e1488d-e2a0-4964-824e-000e019515ee"
                    ],
                    "failures": [],
                    "pending": [],
                    "skipped": [],
                    "duration": 4076,
                    "root": false,
                    "rootEmpty": false,
                    "_timeout": 0
                },
                {
                    "uuid": "20aba7e4-79e3-48dc-b39e-53f75ff708f7",
                    "title": "checkout.spec.ts",
                    "fullFile": "/Users/mariasvietlakova/Desktop/QA-AUTOMATION-TYPESCRIPT-3/lesson22/tests/checkout.spec.ts",
                    "file": "checkout.spec.ts",
                    "beforeHooks": [],
                    "afterHooks": [],
                    "tests": [
                        {
                            "parentTitle": "checkout.spec.ts",
                            "title": "Checkout with dynamic date in last name",
                            "fullTitle": "checkout.spec.ts Checkout with dynamic date in last name",
                            "timedOut": false,
                            "duration": 2587,
                            "state": "passed",
                            "speed": "slow",
                            "pass": true,
                            "fail": false,
                            "pending": false,
                            "context": "",
                            "code": "//Step: Launch browser | Category: pw:api | Duration: 1112\n//Step: Fixture \"browser\" | Category: fixture | Duration: 1115\n//Step: Create context | Category: pw:api | Duration: 19\n//Step: Fixture \"context\" | Category: fixture | Duration: 23\n//Step: Create page | Category: pw:api | Duration: 541\n//Step: Fixture \"page\" | Category: fixture | Duration: 543\n//Step: Fixture \"basketPage\" | Category: fixture | Duration: 1\n//Step: Before Hooks | Category: hook | Duration: 1690\n//Step: Navigate to \"/\" | Category: pw:api | Duration: 364\n//Step: Fill \"standard_user\" locator('[data-test=\\'username\\']') | Category: pw:api | Duration: 72\n//Step: Fill \"secret_sauce\" locator('[data-test=\\'password\\']') | Category: pw:api | Duration: 75\n//Step: Click locator('[data-test=\\'login-button\\']') | Category: pw:api | Duration: 194\n//Step: Wait for load state \"load\" | Category: pw:api | Duration: 1\n//Step: Scroll into view locator('[data-test=\"item-4-title-link\"]') | Category: pw:api | Duration: 36\n//Step: Wait for timeout | Category: pw:api | Duration: 301\n//Step: Wait for selector locator('[data-test=\"item-4-title-link\"]').locator('xpath=ancestor::*[@data-test=\"inventory-item\"]').locator('[data-test*=\"add-to-cart\"]') | Category: pw:api | Duration: 5\n//Step: Click locator('[data-test=\"item-4-title-link\"]').locator('xpath=ancestor::*[@data-test=\"inventory-item\"]').locator('[data-test*=\"add-to-cart\"]') | Category: pw:api | Duration: 27\n//Step: Wait for timeout | Category: pw:api | Duration: 502\n//Step: Click locator('[data-test=\"shopping-cart-link\"]') | Category: pw:api | Duration: 97\n//Step: Wait for load state \"load\" | Category: pw:api | Duration: 0\n//Step: Click locator('[data-test=\"checkout\"]') | Category: pw:api | Duration: 74\n//Step: Wait for load state \"load\" | Category: pw:api | Duration: 1\n//Step: Fill \"automation\" locator('[data-test=\"firstName\"]') | Category: pw:api | Duration: 8\n//Step: Fill \"07_15_2026\" locator('[data-test=\"lastName\"]') | Category: pw:api | Duration: 9\n//Step: Fill \"12345\" locator('[data-test=\"postalCode\"]') | Category: pw:api | Duration: 2\n//Step: Click locator('[data-test=\"continue\"]') | Category: pw:api | Duration: 76\n//Step: Wait for load state \"load\" | Category: pw:api | Duration: 1\n//Step: Click locator('[data-test=\"finish\"]') | Category: pw:api | Duration: 100\n//Step: Wait for load state \"load\" | Category: pw:api | Duration: 0\n//Step: Expect \"toBeVisible\" locator('[data-test=\"complete-header\"]') | Category: expect | Duration: 2\n//Step: Fixture \"basketPage\" | Category: fixture | Duration: 0\n//Step: Fixture \"page\" | Category: fixture | Duration: 0\n//Step: Close context | Category: pw:api | Duration: 4\n//Step: Fixture \"context\" | Category: fixture | Duration: 5\n//Step: After Hooks | Category: hook | Duration: 9",
                            "err": {},
                            "uuid": "00c79fa4-2acf-4a36-97e1-70767ced68dd",
                            "isHook": false,
                            "skipped": false
                        }
                    ],
                    "suites": [],
                    "passes": [
                        "00c79fa4-2acf-4a36-97e1-70767ced68dd"
                    ],
                    "failures": [],
                    "pending": [],
                    "skipped": [],
                    "duration": 2587,
                    "root": false,
                    "rootEmpty": false,
                    "_timeout": 0
                },
                {
                    "uuid": "53f2e53a-5f72-48f4-857f-7df43d7206d0",
                    "title": "delete-product.spec.ts",
                    "fullFile": "/Users/mariasvietlakova/Desktop/QA-AUTOMATION-TYPESCRIPT-3/lesson22/tests/delete-product.spec.ts",
                    "file": "delete-product.spec.ts",
                    "beforeHooks": [],
                    "afterHooks": [],
                    "tests": [
                        {
                            "parentTitle": "delete-product.spec.ts",
                            "title": "Delete product from basket",
                            "fullTitle": "delete-product.spec.ts Delete product from basket",
                            "timedOut": false,
                            "duration": 2874,
                            "state": "passed",
                            "speed": "slow",
                            "pass": true,
                            "fail": false,
                            "pending": false,
                            "context": "",
                            "code": "//Step: Launch browser | Category: pw:api | Duration: 1116\n//Step: Fixture \"browser\" | Category: fixture | Duration: 1118\n//Step: Create context | Category: pw:api | Duration: 21\n//Step: Fixture \"context\" | Category: fixture | Duration: 27\n//Step: Create page | Category: pw:api | Duration: 540\n//Step: Fixture \"page\" | Category: fixture | Duration: 541\n//Step: Fixture \"basketPage\" | Category: fixture | Duration: 0\n//Step: Before Hooks | Category: hook | Duration: 1692\n//Step: Navigate to \"/\" | Category: pw:api | Duration: 365\n//Step: Fill \"standard_user\" locator('[data-test=\\'username\\']') | Category: pw:api | Duration: 65\n//Step: Fill \"secret_sauce\" locator('[data-test=\\'password\\']') | Category: pw:api | Duration: 75\n//Step: Click locator('[data-test=\\'login-button\\']') | Category: pw:api | Duration: 184\n//Step: Wait for load state \"load\" | Category: pw:api | Duration: 1\n//Step: Scroll into view locator('[data-test=\"item-4-title-link\"]') | Category: pw:api | Duration: 38\n//Step: Wait for timeout | Category: pw:api | Duration: 301\n//Step: Wait for selector locator('[data-test=\"item-4-title-link\"]').locator('xpath=ancestor::*[@data-test=\"inventory-item\"]').locator('[data-test*=\"add-to-cart\"]') | Category: pw:api | Duration: 5\n//Step: Click locator('[data-test=\"item-4-title-link\"]').locator('xpath=ancestor::*[@data-test=\"inventory-item\"]').locator('[data-test*=\"add-to-cart\"]') | Category: pw:api | Duration: 27\n//Step: Wait for timeout | Category: pw:api | Duration: 502\n//Step: Click locator('[data-test=\"shopping-cart-link\"]') | Category: pw:api | Duration: 97\n//Step: Wait for load state \"load\" | Category: pw:api | Duration: 0\n//Step: Wait for selector locator('[data-test*=\"remove-sauce-labs-backpack\"]') | Category: pw:api | Duration: 2\n//Step: Click locator('[data-test*=\"remove-sauce-labs-backpack\"]') | Category: pw:api | Duration: 33\n//Step: Wait for timeout | Category: pw:api | Duration: 501\n//Step: Query count locator('[data-test=\"cart-list\"] [data-test=\"inventory-item\"]') | Category: pw:api | Duration: 1\n//Step: Query count locator('[data-test=\"cart-list\"] [data-test=\"inventory-item\"]') | Category: pw:api | Duration: 1\n//Step: Fixture \"basketPage\" | Category: fixture | Duration: 0\n//Step: Fixture \"page\" | Category: fixture | Duration: 0\n//Step: Close context | Category: pw:api | Duration: 10\n//Step: Fixture \"context\" | Category: fixture | Duration: 16\n//Step: After Hooks | Category: hook | Duration: 20",
                            "err": {},
                            "uuid": "a0c8f530-d994-4018-adb1-e73e33708c4b",
                            "isHook": false,
                            "skipped": false
                        }
                    ],
                    "suites": [],
                    "passes": [
                        "a0c8f530-d994-4018-adb1-e73e33708c4b"
                    ],
                    "failures": [],
                    "pending": [],
                    "skipped": [],
                    "duration": 2874,
                    "root": false,
                    "rootEmpty": false,
                    "_timeout": 0
                },
                {
                    "uuid": "4b96902a-f213-477c-8e69-66f9c58b7a69",
                    "title": "login-as-standart-user.spec.ts",
                    "fullFile": "/Users/mariasvietlakova/Desktop/QA-AUTOMATION-TYPESCRIPT-3/lesson22/tests/login-as-standart-user.spec.ts",
                    "file": "login-as-standart-user.spec.ts",
                    "beforeHooks": [],
                    "afterHooks": [],
                    "tests": [
                        {
                            "parentTitle": "login-as-standart-user.spec.ts",
                            "title": "Login as standard user",
                            "fullTitle": "login-as-standart-user.spec.ts Login as standard user",
                            "timedOut": false,
                            "duration": 1343,
                            "state": "passed",
                            "speed": "slow",
                            "pass": true,
                            "fail": false,
                            "pending": false,
                            "context": "",
                            "code": "//Step: Launch browser | Category: pw:api | Duration: 1123\n//Step: Fixture \"browser\" | Category: fixture | Duration: 1125\n//Step: Create context | Category: pw:api | Duration: 19\n//Step: Fixture \"context\" | Category: fixture | Duration: 22\n//Step: Create page | Category: pw:api | Duration: 544\n//Step: Fixture \"page\" | Category: fixture | Duration: 545\n//Step: Fixture \"basketPage\" | Category: fixture | Duration: 1\n//Step: Before Hooks | Category: hook | Duration: 1700\n//Step: Navigate to \"/\" | Category: pw:api | Duration: 346\n//Step: Fill \"standard_user\" locator('[data-test=\\'username\\']') | Category: pw:api | Duration: 73\n//Step: Fill \"secret_sauce\" locator('[data-test=\\'password\\']') | Category: pw:api | Duration: 74\n//Step: Click locator('[data-test=\\'login-button\\']') | Category: pw:api | Duration: 188\n//Step: Wait for load state \"load\" | Category: pw:api | Duration: 1\n//Step: Expect \"toHaveURL\" | Category: expect | Duration: 6\n//Step: Expect \"toBeVisible\" locator('.inventory_list') | Category: expect | Duration: 3\n//Step: Fixture \"basketPage\" | Category: fixture | Duration: 0\n//Step: Fixture \"page\" | Category: fixture | Duration: 0\n//Step: Close context | Category: pw:api | Duration: 7\n//Step: Fixture \"context\" | Category: fixture | Duration: 10\n//Step: After Hooks | Category: hook | Duration: 15",
                            "err": {},
                            "uuid": "b1ac72c5-169b-4717-99b2-ca22b7562a31",
                            "isHook": false,
                            "skipped": false
                        }
                    ],
                    "suites": [],
                    "passes": [
                        "b1ac72c5-169b-4717-99b2-ca22b7562a31"
                    ],
                    "failures": [],
                    "pending": [],
                    "skipped": [],
                    "duration": 1343,
                    "root": false,
                    "rootEmpty": false,
                    "_timeout": 0
                }
            ],
            "passes": [],
            "failures": [],
            "pending": [],
            "skipped": [],
            "duration": 0,
            "root": true,
            "rootEmpty": true,
            "_timeout": 0
        }
    ],
    "meta": {
        "mochawesome": {
            "options": {},
            "version": "7.1.3"
        },
        "marge": {
            "options": {},
            "version": "6.2.0"
        },
        "mocha": {
            "version": "7.1.3"
        }
    }
}